<?xml version="1.0" encoding="UTF-8"?>
<!-- Generated by org.testng.reporters.JUnitReportReporter -->
<testsuite skipped="0" hostname="DESKTOP-IBJIQIK" name="tests.GoogleSearchTest" tests="1" failures="0" timestamp="21 Nov 2017 06:34:34 GMT" time="10.189" errors="0">
  <testcase name="GoogleSearch" time="10.189" classname="tests.GoogleSearchTest"/>
</testsuite> <!-- tests.GoogleSearchTest -->
