<?xml version="1.0" encoding="UTF-8"?>
<!-- Generated by org.testng.reporters.JUnitReportReporter -->
<testsuite skipped="0" hostname="DESKTOP-IBJIQIK" name="tests.GoogleSearchHeadlessTest" tests="1" failures="0" timestamp="21 Nov 2017 06:41:22 GMT" time="6.600" errors="0">
  <testcase name="GoogleSearch" time="6.600" classname="tests.GoogleSearchHeadlessTest"/>
</testsuite> <!-- tests.GoogleSearchHeadlessTest -->
